2017-07-28 20:45:51.203  INFO 13337 --- [main] com.teammental.login.Application         : Starting Application on deniz with PID 13337 (/home/coskun/workspace/mental-team/infrastructure/login/build/classes/java/main started by coskun in /home/coskun/workspace/mental-team/infrastructure/login)
2017-07-28 20:45:51.206  INFO 13337 --- [main] com.teammental.login.Application         : No active profile set, falling back to default profiles: default
2017-07-28 20:45:51.438  INFO 13337 --- [main] ationConfigEmbeddedWebApplicationContext : Refreshing org.springframework.boot.context.embedded.AnnotationConfigEmbeddedWebApplicationContext@78461bc4: startup date [Fri Jul 28 20:45:51 EET 2017]; root of context hierarchy
2017-07-28 20:45:52.036  INFO 13337 --- [main] o.s.b.f.s.DefaultListableBeanFactory     : Overriding bean definition for bean 'dataSource' with a different definition: replacing [Root bean: class [null]; scope=; abstract=false; lazyInit=false; autowireMode=3; dependencyCheck=0; autowireCandidate=true; primary=false; factoryBeanName=org.springframework.boot.autoconfigure.jdbc.DataSourceConfiguration$Generic; factoryMethodName=dataSource; initMethodName=null; destroyMethodName=(inferred); defined in class path resource [org/springframework/boot/autoconfigure/jdbc/DataSourceConfiguration$Generic.class]] with [Root bean: class [null]; scope=; abstract=false; lazyInit=false; autowireMode=3; dependencyCheck=0; autowireCandidate=true; primary=false; factoryBeanName=org.springframework.boot.autoconfigure.jdbc.DataSourceConfiguration$Hikari; factoryMethodName=dataSource; initMethodName=null; destroyMethodName=(inferred); defined in class path resource [org/springframework/boot/autoconfigure/jdbc/DataSourceConfiguration$Hikari.class]]
2017-07-28 20:45:52.486  INFO 13337 --- [main] trationDelegate$BeanPostProcessorChecker : Bean 'org.springframework.boot.autoconfigure.validation.ValidationAutoConfiguration' of type [class org.springframework.boot.autoconfigure.validation.ValidationAutoConfiguration] is not eligible for getting processed by all BeanPostProcessors (for example: not eligible for auto-proxying)
2017-07-28 20:45:52.569  INFO 13337 --- [main] trationDelegate$BeanPostProcessorChecker : Bean 'validator' of type [class org.springframework.validation.beanvalidation.LocalValidatorFactoryBean] is not eligible for getting processed by all BeanPostProcessors (for example: not eligible for auto-proxying)
2017-07-28 20:45:52.618  INFO 13337 --- [main] trationDelegate$BeanPostProcessorChecker : Bean 'org.springframework.transaction.annotation.ProxyTransactionManagementConfiguration' of type [class org.springframework.transaction.annotation.ProxyTransactionManagementConfiguration$$EnhancerBySpringCGLIB$$cabfe999] is not eligible for getting processed by all BeanPostProcessors (for example: not eligible for auto-proxying)
2017-07-28 20:45:52.946  INFO 13337 --- [main] s.b.c.e.t.TomcatEmbeddedServletContainer : Tomcat initialized with port(s): 10000 (https)
2017-07-28 20:45:52.961  INFO 13337 --- [main] o.apache.catalina.core.StandardService   : Starting service Tomcat
2017-07-28 20:45:52.962  INFO 13337 --- [main] org.apache.catalina.core.StandardEngine  : Starting Servlet Engine: Apache Tomcat/8.5.11
2017-07-28 20:45:53.080  INFO 13337 --- [localhost-startStop-1] o.a.c.c.C.[Tomcat].[localhost].[/login]  : Initializing Spring embedded WebApplicationContext
2017-07-28 20:45:53.080  INFO 13337 --- [localhost-startStop-1] o.s.web.context.ContextLoader            : Root WebApplicationContext: initialization completed in 1645 ms
2017-07-28 20:45:53.308  INFO 13337 --- [localhost-startStop-1] o.s.b.w.servlet.FilterRegistrationBean   : Mapping filter: 'characterEncodingFilter' to: [/*]
2017-07-28 20:45:53.309  INFO 13337 --- [localhost-startStop-1] o.s.b.w.servlet.FilterRegistrationBean   : Mapping filter: 'hiddenHttpMethodFilter' to: [/*]
2017-07-28 20:45:53.312  INFO 13337 --- [localhost-startStop-1] o.s.b.w.servlet.FilterRegistrationBean   : Mapping filter: 'httpPutFormContentFilter' to: [/*]
2017-07-28 20:45:53.312  INFO 13337 --- [localhost-startStop-1] o.s.b.w.servlet.FilterRegistrationBean   : Mapping filter: 'requestContextFilter' to: [/*]
2017-07-28 20:45:53.314  INFO 13337 --- [localhost-startStop-1] .s.DelegatingFilterProxyRegistrationBean : Mapping filter: 'springSecurityFilterChain' to: [/*]
2017-07-28 20:45:53.314  INFO 13337 --- [localhost-startStop-1] o.s.b.w.servlet.ServletRegistrationBean  : Mapping servlet: 'dispatcherServlet' to [/]
2017-07-28 20:45:53.708  INFO 13337 --- [main] com.zaxxer.hikari.HikariDataSource       : HikariPool-1 - Started.
2017-07-28 20:45:53.790  INFO 13337 --- [main] com.zaxxer.hikari.pool.PoolBase          : HikariPool-1 - Driver does not support get/set network timeout for connections. (Method org.postgresql.jdbc.PgConnection.getNetworkTimeout() is not yet implemented.)
2017-07-28 20:45:53.859  INFO 13337 --- [main] j.LocalContainerEntityManagerFactoryBean : Building JPA container EntityManagerFactory for persistence unit 'default'
2017-07-28 20:45:53.879  INFO 13337 --- [main] o.hibernate.jpa.internal.util.LogHelper  : HHH000204: Processing PersistenceUnitInfo [
	name: default
	...]
2017-07-28 20:45:53.964  INFO 13337 --- [main] org.hibernate.Version                    : HHH000412: Hibernate Core {5.0.11.Final}
2017-07-28 20:45:53.966  INFO 13337 --- [main] org.hibernate.cfg.Environment            : HHH000206: hibernate.properties not found
2017-07-28 20:45:53.968  INFO 13337 --- [main] org.hibernate.cfg.Environment            : HHH000021: Bytecode provider name : javassist
2017-07-28 20:45:54.010  INFO 13337 --- [main] o.hibernate.annotations.common.Version   : HCANN000001: Hibernate Commons Annotations {5.0.1.Final}
2017-07-28 20:45:54.141  INFO 13337 --- [main] org.hibernate.dialect.Dialect            : HHH000400: Using dialect: org.hibernate.dialect.PostgreSQLDialect
2017-07-28 20:45:54.284  INFO 13337 --- [main] o.h.e.j.e.i.LobCreatorBuilderImpl        : HHH000424: Disabling contextual LOB creation as createClob() method threw error : java.lang.reflect.InvocationTargetException
2017-07-28 20:45:54.286  INFO 13337 --- [main] org.hibernate.type.BasicTypeRegistry     : HHH000270: Type registration [java.util.UUID] overrides previous : org.hibernate.type.UUIDBinaryType@401ec794
2017-07-28 20:45:54.656  INFO 13337 --- [main] o.h.tool.hbm2ddl.SchemaValidator         : HHH000229: Running schema validator
2017-07-28 20:45:54.719  INFO 13337 --- [main] j.LocalContainerEntityManagerFactoryBean : Initialized JPA EntityManagerFactory for persistence unit 'default'
2017-07-28 20:45:55.606  INFO 13337 --- [main] o.s.s.web.DefaultSecurityFilterChain     : Creating filter chain: org.springframework.security.web.util.matcher.AnyRequestMatcher@1, [org.springframework.security.web.context.request.async.WebAsyncManagerIntegrationFilter@73baf7f0, org.springframework.security.web.context.SecurityContextPersistenceFilter@8636cf4, org.springframework.security.web.header.HeaderWriterFilter@1f1ffc18, org.springframework.security.web.authentication.logout.LogoutFilter@75c589f2, org.springframework.security.web.authentication.www.BasicAuthenticationFilter@4c3d72fd, org.springframework.security.web.savedrequest.RequestCacheAwareFilter@4f65af91, org.springframework.security.web.servletapi.SecurityContextHolderAwareRequestFilter@284b487f, org.springframework.security.web.authentication.AnonymousAuthenticationFilter@446dacf9, org.springframework.security.web.session.SessionManagementFilter@61ca5134, org.springframework.security.web.access.ExceptionTranslationFilter@6244afc4, org.springframework.security.web.access.intercept.FilterSecurityInterceptor@73c09a98]
2017-07-28 20:45:55.763  INFO 13337 --- [main] s.w.s.m.m.a.RequestMappingHandlerAdapter : Looking for @ControllerAdvice: org.springframework.boot.context.embedded.AnnotationConfigEmbeddedWebApplicationContext@78461bc4: startup date [Fri Jul 28 20:45:51 EET 2017]; root of context hierarchy
2017-07-28 20:45:55.853  INFO 13337 --- [main] s.w.s.m.m.a.RequestMappingHandlerMapping : Mapped "{[/],methods=[POST]}" onto public org.springframework.http.ResponseEntity<com.teammental.login.dto.LoginResult> com.teammental.login.controller.LoginController.login(java.lang.String)
2017-07-28 20:45:55.857  INFO 13337 --- [main] s.w.s.m.m.a.RequestMappingHandlerMapping : Mapped "{[/error],produces=[text/html]}" onto public org.springframework.web.servlet.ModelAndView org.springframework.boot.autoconfigure.web.BasicErrorController.errorHtml(javax.servlet.http.HttpServletRequest,javax.servlet.http.HttpServletResponse)
2017-07-28 20:45:55.858  INFO 13337 --- [main] s.w.s.m.m.a.RequestMappingHandlerMapping : Mapped "{[/error]}" onto public org.springframework.http.ResponseEntity<java.util.Map<java.lang.String, java.lang.Object>> org.springframework.boot.autoconfigure.web.BasicErrorController.error(javax.servlet.http.HttpServletRequest)
2017-07-28 20:45:55.899  INFO 13337 --- [main] o.s.w.s.handler.SimpleUrlHandlerMapping  : Mapped URL path [/webjars/**] onto handler of type [class org.springframework.web.servlet.resource.ResourceHttpRequestHandler]
2017-07-28 20:45:55.899  INFO 13337 --- [main] o.s.w.s.handler.SimpleUrlHandlerMapping  : Mapped URL path [/**] onto handler of type [class org.springframework.web.servlet.resource.ResourceHttpRequestHandler]
2017-07-28 20:45:55.945  INFO 13337 --- [main] o.s.w.s.handler.SimpleUrlHandlerMapping  : Mapped URL path [/**/favicon.ico] onto handler of type [class org.springframework.web.servlet.resource.ResourceHttpRequestHandler]
2017-07-28 20:45:55.989  WARN 13337 --- [main] .t.AbstractTemplateResolverConfiguration : Cannot find template location: classpath:/templates/ (please add some templates or check your Thymeleaf configuration)
2017-07-28 20:45:56.762  INFO 13337 --- [main] o.s.j.e.a.AnnotationMBeanExporter        : Registering beans for JMX exposure on startup
2017-07-28 20:45:56.765  INFO 13337 --- [main] o.s.j.e.a.AnnotationMBeanExporter        : Bean with name 'dataSource' has been autodetected for JMX exposure
2017-07-28 20:45:56.774  INFO 13337 --- [main] o.s.j.e.a.AnnotationMBeanExporter        : Located MBean 'dataSource': registering with JMX server as MBean [com.zaxxer.hikari:name=dataSource,type=HikariDataSource]
2017-07-28 20:45:57.297  INFO 13337 --- [main] s.b.c.e.t.TomcatEmbeddedServletContainer : Tomcat started on port(s): 10000 (https)
2017-07-28 20:45:57.306  INFO 13337 --- [main] com.teammental.login.Application         : Started Application in 6.775 seconds (JVM running for 7.085)
2017-07-28 20:46:02.034  INFO 13337 --- [Thread-5] ationConfigEmbeddedWebApplicationContext : Closing org.springframework.boot.context.embedded.AnnotationConfigEmbeddedWebApplicationContext@78461bc4: startup date [Fri Jul 28 20:45:51 EET 2017]; root of context hierarchy
2017-07-28 20:46:02.036  INFO 13337 --- [Thread-5] o.s.j.e.a.AnnotationMBeanExporter        : Unregistering JMX-exposed beans on shutdown
2017-07-28 20:46:02.037  INFO 13337 --- [Thread-5] o.s.j.e.a.AnnotationMBeanExporter        : Unregistering JMX-exposed beans
2017-07-28 20:46:02.042  INFO 13337 --- [Thread-5] j.LocalContainerEntityManagerFactoryBean : Closing JPA EntityManagerFactory for persistence unit 'default'
2017-07-28 20:46:02.043  INFO 13337 --- [Thread-5] com.zaxxer.hikari.pool.HikariPool        : HikariPool-1 - Close initiated...
2017-07-28 20:46:02.047  INFO 13337 --- [Thread-5] com.zaxxer.hikari.pool.HikariPool        : HikariPool-1 - Closed.
2017-07-28 20:46:18.532  INFO 13529 --- [main] com.teammental.login.Application         : Starting Application on deniz with PID 13529 (/home/coskun/workspace/mental-team/infrastructure/login/build/classes/java/main started by coskun in /home/coskun/workspace/mental-team/infrastructure/login)
2017-07-28 20:46:18.535  INFO 13529 --- [main] com.teammental.login.Application         : No active profile set, falling back to default profiles: default
2017-07-28 20:46:18.770  INFO 13529 --- [main] ationConfigEmbeddedWebApplicationContext : Refreshing org.springframework.boot.context.embedded.AnnotationConfigEmbeddedWebApplicationContext@78461bc4: startup date [Fri Jul 28 20:46:18 EET 2017]; root of context hierarchy
2017-07-28 20:46:19.471  INFO 13529 --- [main] o.s.b.f.s.DefaultListableBeanFactory     : Overriding bean definition for bean 'dataSource' with a different definition: replacing [Root bean: class [null]; scope=; abstract=false; lazyInit=false; autowireMode=3; dependencyCheck=0; autowireCandidate=true; primary=false; factoryBeanName=org.springframework.boot.autoconfigure.jdbc.DataSourceConfiguration$Generic; factoryMethodName=dataSource; initMethodName=null; destroyMethodName=(inferred); defined in class path resource [org/springframework/boot/autoconfigure/jdbc/DataSourceConfiguration$Generic.class]] with [Root bean: class [null]; scope=; abstract=false; lazyInit=false; autowireMode=3; dependencyCheck=0; autowireCandidate=true; primary=false; factoryBeanName=org.springframework.boot.autoconfigure.jdbc.DataSourceConfiguration$Hikari; factoryMethodName=dataSource; initMethodName=null; destroyMethodName=(inferred); defined in class path resource [org/springframework/boot/autoconfigure/jdbc/DataSourceConfiguration$Hikari.class]]
2017-07-28 20:46:20.013  INFO 13529 --- [main] trationDelegate$BeanPostProcessorChecker : Bean 'org.springframework.boot.autoconfigure.validation.ValidationAutoConfiguration' of type [class org.springframework.boot.autoconfigure.validation.ValidationAutoConfiguration] is not eligible for getting processed by all BeanPostProcessors (for example: not eligible for auto-proxying)
2017-07-28 20:46:20.091  INFO 13529 --- [main] trationDelegate$BeanPostProcessorChecker : Bean 'validator' of type [class org.springframework.validation.beanvalidation.LocalValidatorFactoryBean] is not eligible for getting processed by all BeanPostProcessors (for example: not eligible for auto-proxying)
2017-07-28 20:46:20.137  INFO 13529 --- [main] trationDelegate$BeanPostProcessorChecker : Bean 'org.springframework.transaction.annotation.ProxyTransactionManagementConfiguration' of type [class org.springframework.transaction.annotation.ProxyTransactionManagementConfiguration$$EnhancerBySpringCGLIB$$8c993e5b] is not eligible for getting processed by all BeanPostProcessors (for example: not eligible for auto-proxying)
2017-07-28 20:46:20.492  INFO 13529 --- [main] s.b.c.e.t.TomcatEmbeddedServletContainer : Tomcat initialized with port(s): 10000 (https)
2017-07-28 20:46:20.507  INFO 13529 --- [main] o.apache.catalina.core.StandardService   : Starting service Tomcat
2017-07-28 20:46:20.509  INFO 13529 --- [main] org.apache.catalina.core.StandardEngine  : Starting Servlet Engine: Apache Tomcat/8.5.11
2017-07-28 20:46:20.653  INFO 13529 --- [localhost-startStop-1] o.a.c.c.C.[Tomcat].[localhost].[/login]  : Initializing Spring embedded WebApplicationContext
2017-07-28 20:46:20.653  INFO 13529 --- [localhost-startStop-1] o.s.web.context.ContextLoader            : Root WebApplicationContext: initialization completed in 1886 ms
2017-07-28 20:46:21.128  INFO 13529 --- [localhost-startStop-1] o.s.b.w.servlet.FilterRegistrationBean   : Mapping filter: 'characterEncodingFilter' to: [/*]
2017-07-28 20:46:21.129  INFO 13529 --- [localhost-startStop-1] o.s.b.w.servlet.FilterRegistrationBean   : Mapping filter: 'hiddenHttpMethodFilter' to: [/*]
2017-07-28 20:46:21.130  INFO 13529 --- [localhost-startStop-1] o.s.b.w.servlet.FilterRegistrationBean   : Mapping filter: 'httpPutFormContentFilter' to: [/*]
2017-07-28 20:46:21.131  INFO 13529 --- [localhost-startStop-1] o.s.b.w.servlet.FilterRegistrationBean   : Mapping filter: 'requestContextFilter' to: [/*]
2017-07-28 20:46:21.135  INFO 13529 --- [localhost-startStop-1] .s.DelegatingFilterProxyRegistrationBean : Mapping filter: 'springSecurityFilterChain' to: [/*]
2017-07-28 20:46:21.136  INFO 13529 --- [localhost-startStop-1] o.s.b.w.servlet.ServletRegistrationBean  : Mapping servlet: 'dispatcherServlet' to [/]
2017-07-28 20:46:21.893  INFO 13529 --- [main] com.zaxxer.hikari.HikariDataSource       : HikariPool-1 - Started.
2017-07-28 20:46:22.031  INFO 13529 --- [main] com.zaxxer.hikari.pool.PoolBase          : HikariPool-1 - Driver does not support get/set network timeout for connections. (Method org.postgresql.jdbc.PgConnection.getNetworkTimeout() is not yet implemented.)
2017-07-28 20:46:22.164  INFO 13529 --- [main] j.LocalContainerEntityManagerFactoryBean : Building JPA container EntityManagerFactory for persistence unit 'default'
2017-07-28 20:46:22.195  INFO 13529 --- [main] o.hibernate.jpa.internal.util.LogHelper  : HHH000204: Processing PersistenceUnitInfo [
	name: default
	...]
2017-07-28 20:46:22.350  INFO 13529 --- [main] org.hibernate.Version                    : HHH000412: Hibernate Core {5.0.11.Final}
2017-07-28 20:46:22.353  INFO 13529 --- [main] org.hibernate.cfg.Environment            : HHH000206: hibernate.properties not found
2017-07-28 20:46:22.357  INFO 13529 --- [main] org.hibernate.cfg.Environment            : HHH000021: Bytecode provider name : javassist
2017-07-28 20:46:22.454  INFO 13529 --- [main] o.hibernate.annotations.common.Version   : HCANN000001: Hibernate Commons Annotations {5.0.1.Final}
2017-07-28 20:46:22.707  INFO 13529 --- [main] org.hibernate.dialect.Dialect            : HHH000400: Using dialect: org.hibernate.dialect.PostgreSQLDialect
2017-07-28 20:46:22.947  INFO 13529 --- [main] o.h.e.j.e.i.LobCreatorBuilderImpl        : HHH000424: Disabling contextual LOB creation as createClob() method threw error : java.lang.reflect.InvocationTargetException
2017-07-28 20:46:22.950  INFO 13529 --- [main] org.hibernate.type.BasicTypeRegistry     : HHH000270: Type registration [java.util.UUID] overrides previous : org.hibernate.type.UUIDBinaryType@12aa381f
2017-07-28 20:46:23.597  INFO 13529 --- [main] o.h.tool.hbm2ddl.SchemaValidator         : HHH000229: Running schema validator
2017-07-28 20:46:23.660  INFO 13529 --- [main] j.LocalContainerEntityManagerFactoryBean : Initialized JPA EntityManagerFactory for persistence unit 'default'
2017-07-28 20:46:25.226  INFO 13529 --- [main] o.s.s.web.DefaultSecurityFilterChain     : Creating filter chain: org.springframework.security.web.util.matcher.AnyRequestMatcher@1, [org.springframework.security.web.context.request.async.WebAsyncManagerIntegrationFilter@7d7a8d23, org.springframework.security.web.context.SecurityContextPersistenceFilter@1260c85e, org.springframework.security.web.header.HeaderWriterFilter@2a19c36b, org.springframework.security.web.authentication.logout.LogoutFilter@21d15932, org.springframework.security.web.authentication.www.BasicAuthenticationFilter@29e3c28, org.springframework.security.web.savedrequest.RequestCacheAwareFilter@25e8a111, org.springframework.security.web.servletapi.SecurityContextHolderAwareRequestFilter@47666b39, org.springframework.security.web.authentication.AnonymousAuthenticationFilter@3acc65f0, org.springframework.security.web.session.SessionManagementFilter@4b20aa21, org.springframework.security.web.access.ExceptionTranslationFilter@f83d121, org.springframework.security.web.access.intercept.FilterSecurityInterceptor@71d78cac]
2017-07-28 20:46:25.457  INFO 13529 --- [main] s.w.s.m.m.a.RequestMappingHandlerAdapter : Looking for @ControllerAdvice: org.springframework.boot.context.embedded.AnnotationConfigEmbeddedWebApplicationContext@78461bc4: startup date [Fri Jul 28 20:46:18 EET 2017]; root of context hierarchy
2017-07-28 20:46:25.622  INFO 13529 --- [main] s.w.s.m.m.a.RequestMappingHandlerMapping : Mapped "{[/],methods=[POST]}" onto public org.springframework.http.ResponseEntity<com.teammental.login.dto.LoginResult> com.teammental.login.controller.LoginController.login(java.lang.String)
2017-07-28 20:46:25.632  INFO 13529 --- [main] s.w.s.m.m.a.RequestMappingHandlerMapping : Mapped "{[/error],produces=[text/html]}" onto public org.springframework.web.servlet.ModelAndView org.springframework.boot.autoconfigure.web.BasicErrorController.errorHtml(javax.servlet.http.HttpServletRequest,javax.servlet.http.HttpServletResponse)
2017-07-28 20:46:25.633  INFO 13529 --- [main] s.w.s.m.m.a.RequestMappingHandlerMapping : Mapped "{[/error]}" onto public org.springframework.http.ResponseEntity<java.util.Map<java.lang.String, java.lang.Object>> org.springframework.boot.autoconfigure.web.BasicErrorController.error(javax.servlet.http.HttpServletRequest)
2017-07-28 20:46:25.715  INFO 13529 --- [main] o.s.w.s.handler.SimpleUrlHandlerMapping  : Mapped URL path [/webjars/**] onto handler of type [class org.springframework.web.servlet.resource.ResourceHttpRequestHandler]
2017-07-28 20:46:25.716  INFO 13529 --- [main] o.s.w.s.handler.SimpleUrlHandlerMapping  : Mapped URL path [/**] onto handler of type [class org.springframework.web.servlet.resource.ResourceHttpRequestHandler]
2017-07-28 20:46:25.815  INFO 13529 --- [main] o.s.w.s.handler.SimpleUrlHandlerMapping  : Mapped URL path [/**/favicon.ico] onto handler of type [class org.springframework.web.servlet.resource.ResourceHttpRequestHandler]
2017-07-28 20:46:25.908  WARN 13529 --- [main] .t.AbstractTemplateResolverConfiguration : Cannot find template location: classpath:/templates/ (please add some templates or check your Thymeleaf configuration)
2017-07-28 20:46:27.093  INFO 13529 --- [main] o.s.j.e.a.AnnotationMBeanExporter        : Registering beans for JMX exposure on startup
2017-07-28 20:46:27.096  INFO 13529 --- [main] o.s.j.e.a.AnnotationMBeanExporter        : Bean with name 'dataSource' has been autodetected for JMX exposure
2017-07-28 20:46:27.104  INFO 13529 --- [main] o.s.j.e.a.AnnotationMBeanExporter        : Located MBean 'dataSource': registering with JMX server as MBean [com.zaxxer.hikari:name=dataSource,type=HikariDataSource]
2017-07-28 20:46:27.584  INFO 13529 --- [main] s.b.c.e.t.TomcatEmbeddedServletContainer : Tomcat started on port(s): 10000 (https)
2017-07-28 20:46:27.595  INFO 13529 --- [main] com.teammental.login.Application         : Started Application in 9.873 seconds (JVM running for 10.255)
2017-07-28 20:46:56.123  INFO 13529 --- [https-jsse-nio-10000-exec-8] o.a.c.c.C.[Tomcat].[localhost].[/login]  : Initializing Spring FrameworkServlet 'dispatcherServlet'
2017-07-28 20:46:56.123  INFO 13529 --- [https-jsse-nio-10000-exec-8] o.s.web.servlet.DispatcherServlet        : FrameworkServlet 'dispatcherServlet': initialization started
2017-07-28 20:46:56.140  INFO 13529 --- [https-jsse-nio-10000-exec-8] o.s.web.servlet.DispatcherServlet        : FrameworkServlet 'dispatcherServlet': initialization completed in 17 ms
2017-07-28 20:46:56.157  INFO 13529 --- [https-jsse-nio-10000-exec-8] c.t.login.service.UserDetailServiceImpl  : ********** USERNAME:asdfasdf
2017-07-28 20:46:56.343  INFO 13529 --- [https-jsse-nio-10000-exec-8] c.t.login.controller.LoginController     : ********* Giriş başladı.
2017-07-28 20:46:56.343  INFO 13529 --- [https-jsse-nio-10000-exec-8] c.t.login.controller.LoginController     : ********* Authorization Header: Basic YXNkZmFzZGY6MTIz
2017-07-28 20:46:56.352  INFO 13529 --- [https-jsse-nio-10000-exec-8] c.t.login.controller.LoginController     : ********* Giriş bitti
2017-07-28 20:47:40.205  INFO 13529 --- [Thread-5] ationConfigEmbeddedWebApplicationContext : Closing org.springframework.boot.context.embedded.AnnotationConfigEmbeddedWebApplicationContext@78461bc4: startup date [Fri Jul 28 20:46:18 EET 2017]; root of context hierarchy
2017-07-28 20:47:40.207  INFO 13529 --- [Thread-5] o.s.j.e.a.AnnotationMBeanExporter        : Unregistering JMX-exposed beans on shutdown
2017-07-28 20:47:40.209  INFO 13529 --- [Thread-5] o.s.j.e.a.AnnotationMBeanExporter        : Unregistering JMX-exposed beans
2017-07-28 20:47:40.213  INFO 13529 --- [Thread-5] j.LocalContainerEntityManagerFactoryBean : Closing JPA EntityManagerFactory for persistence unit 'default'
2017-07-28 20:47:40.216  INFO 13529 --- [Thread-5] com.zaxxer.hikari.pool.HikariPool        : HikariPool-1 - Close initiated...
2017-07-28 20:47:40.222  INFO 13529 --- [Thread-5] com.zaxxer.hikari.pool.HikariPool        : HikariPool-1 - Closed.
